app/build/outputs/logs/manifest-merger-release-report.txt
-- Merging decision tree log ---
provider#androidx.core.content.FileProvider
INJECTED from src/main/AndroidManifest.xml:95:9-103:20
	android:grantUriPermissions
		ADDED from src/main/AndroidManifest.xml:99:13-47
	android:authorities
		INJECTED from src/main/AndroidManifest.xml
		ADDED from src/main/AndroidManifest.xml:97:13-60
	android:exported
		ADDED from src/main/AndroidManifest.xml:98:13-37
	android:name
		ADDED from src/main/AndroidManifest.xml:96:13-62
manifest
ADDED from src/main/AndroidManifest.xml:2:1-106:12
INJECTED from src/main/AndroidManifest.xml:2:1-106:12
INJECTED from src/main/AndroidManifest.xml:2:1-106:12
INJECTED from src/main/AndroidManifest.xml:2:1-106:12
MERGED from [com.stepstone.stepper:material-stepper:4.3.1] AndroidManifest.xml:17:1-27:12
MERGED from [com.github.badoualy:stepper-indicator:1.0.7] AndroidManifest.xml:2:1-14:12
MERGED from [io.nlopez.smartlocation:library:3.3.3] AndroidManifest.xml:2:1-30:12
MERGED from [com.facebook.android:account-kit-sdk:5.4.0] AndroidManifest.xml:21:1-55:12
MERGED from [com.github.Jay-Goo:RangeSeekBar:2.0.6] AndroidManifest.xml:2:1-17:12
MERGED from [com.github.prolificinteractive:material-calendarview:2.0.1] AndroidManifest.xml:2:1-19:12
MERGED from [:cropper] AndroidManifest.xml:2:1-13:12
MERGED from [com.github.denzcoskun:ImageSlideshow:0.0.6] AndroidManifest.xml:2:1-11:12
MERGED from [com.chaos.view:pinview:1.3.2] AndroidManifest.xml:17:1-26:12
MERGED from [com.hbb20:ccp:2.3.4] AndroidManifest.xml:2:1-16:12
MERGED from [com.firebaseui:firebase-ui-auth:7.2.0] AndroidManifest.xml:2:1-109:12
MERGED from [com.aurelhubert:ahbottomnavigation:2.2.0] AndroidManifest.xml:2:1-13:12
MERGED from [com.google.android.material:material:1.2.1] AndroidManifest.xml:17:1-24:12
MERGED from [androidx.constraintlayout:constraintlayout:2.0.4] AndroidManifest.xml:2:1-11:12
MERGED from [me.zhanghai.android.materialprogressbar:library:1.6.1] AndroidManifest.xml:6:1-15:12
MERGED from [com.futuremind.recyclerfastscroll:fastscroll:0.2.5] AndroidManifest.xml:2:1-13:12
MERGED from [androidx.appcompat:appcompat:1.2.0] AndroidManifest.xml:17:1-24:12
MERGED from [com.google.firebase:firebase-core:18.0.2] AndroidManifest.xml:2:1-9:12
MERGED from [com.google.firebase:firebase-messaging:21.0.1] AndroidManifest.xml:17:1-45:12
MERGED from [com.google.android.gms:play-services-ads:18.1.1] AndroidManifest.xml:17:1-25:12
MERGED from [androidx.legacy:legacy-support-v4:1.0.0] AndroidManifest.xml:17:1-22:12
MERGED from [com.squareup.picasso:picasso:2.71828] AndroidManifest.xml:2:1-14:12
MERGED from [com.kyanogen.signatureview:signature-view:1.2] AndroidManifest.xml:2:1-14:12
MERGED from [io.github.inflationx:calligraphy3:3.1.1] AndroidManifest.xml:2:1-13:12
MERGED from [io.github.inflationx:viewpump:2.0.3] AndroidManifest.xml:2:1-11:12
MERGED from [com.daimajia.easing:library:2.0] AndroidManifest.xml:2:1-12:12
MERGED from [com.daimajia.androidanimations:library:2.3] AndroidManifest.xml:2:1-12:12
MERGED from [androidx.browser:browser:1.2.0-alpha07] AndroidManifest.xml:17:1-24:12
MERGED from [androidx.lifecycle:lifecycle-reactivestreams:2.0.0] AndroidManifest.xml:17:1-22:12
MERGED from [androidx.lifecycle:lifecycle-extensions:2.2.0] AndroidManifest.xml:17:1-27:12
MERGED from [androidx.multidex:multidex:2.0.1] AndroidManifest.xml:17:1-22:12
MERGED from [com.google.android.gms:play-services-places:17.0.0] AndroidManifest.xml:17:1-24:12
MERGED from [com.google.android.gms:play-services-maps:17.0.0] AndroidManifest.xml:17:1-38:12
MERGED from [com.google.android.gms:play-services-location:17.0.0] AndroidManifest.xml:2:1-9:12
MERGED from [com.google.maps.android:android-maps-utils:0.5] AndroidManifest.xml:2:1-13:12
MERGED from [com.jakewharton.threetenabp:threetenabp:1.2.0] AndroidManifest.xml:2:1-9:12
MERGED from [com.wdullaer:materialdatetimepicker:4.2.1] AndroidManifest.xml:17:1-30:12
MERGED from [com.crashlytics.sdk.android:crashlytics:2.10.1] AndroidManifest.xml:2:1-26:12
MERGED from [me.relex:circleindicator:2.1.4] AndroidManifest.xml:2:1-11:12
MERGED from [com.google.firebase:firebase-auth:20.0.3] AndroidManifest.xml:17:1-83:12
MERGED from [com.shuhart.stepview:stepview:1.2.8] AndroidManifest.xml:2:1-11:12
MERGED from [pl.droidsonroids.gif:android-gif-drawable:1.2.19] AndroidManifest.xml:2:1-9:12
MERGED from [androidx.legacy:legacy-support-core-ui:1.0.0] AndroidManifest.xml:17:1-22:12
MERGED from [com.google.firebase:firebase-iid:21.0.1] AndroidManifest.xml:17:1-47:12
MERGED from [com.google.android.gms:play-services-ads-lite:18.1.1] AndroidManifest.xml:17:1-42:12
MERGED from [com.google.firebase:firebase-analytics:18.0.2] AndroidManifest.xml:2:1-9:12
MERGED from [com.google.android.gms:play-services-measurement:18.0.2] AndroidManifest.xml:17:1-46:12
MERGED from [com.google.android.gms:play-services-measurement-sdk:18.0.2] AndroidManifest.xml:17:1-25:12
MERGED from [com.google.android.gms:play-services-measurement-impl:18.0.2] AndroidManifest.xml:17:1-31:12
MERGED from [com.google.android.gms:play-services-stats:17.0.0] AndroidManifest.xml:2:1-9:12
MERGED from [androidx.legacy:legacy-support-core-utils:1.0.0] AndroidManifest.xml:17:1-22:12
MERGED from [com.google.android.gms:play-services-auth:19.0.0] AndroidManifest.xml:17:1-40:12
MERGED from [com.google.android.gms:play-services-auth-base:17.0.0] AndroidManifest.xml:2:1-7:12
MERGED from [com.google.android.gms:play-services-auth-api-phone:17.4.0] AndroidManifest.xml:2:1-7:12
MERGED from [com.google.android.gms:play-services-safetynet:17.0.0] AndroidManifest.xml:17:1-24:12
MERGED from [com.google.firebase:firebase-auth-interop:19.0.0] AndroidManifest.xml:2:1-10:12
MERGED from [com.google.firebase:firebase-iid-interop:17.0.0] AndroidManifest.xml:2:1-10:12
MERGED from [com.google.android.gms:play-services-base:17.1.0] AndroidManifest.xml:17:1-29:12
MERGED from [androidx.viewpager2:viewpager2:1.0.0] AndroidManifest.xml:17:1-24:12
MERGED from [com.google.firebase:firebase-datatransport:17.0.10] AndroidManifest.xml:15:1-34:12
MERGED from [com.google.android.gms:play-services-measurement-api:18.0.2] AndroidManifest.xml:17:1-36:12
MERGED from [com.google.firebase:firebase-installations:16.3.5] AndroidManifest.xml:2:1-24:12
MERGED from [com.google.firebase:firebase-common:19.5.0] AndroidManifest.xml:15:1-49:12
MERGED from [com.google.android.gms:play-services-cloud-messaging:16.0.0] AndroidManifest.xml:2:1-13:12
MERGED from [com.google.firebase:firebase-installations-interop:16.0.1] AndroidManifest.xml:15:1-23:12
MERGED from [com.google.android.gms:play-services-tasks:17.0.0] AndroidManifest.xml:2:1-9:12
MERGED from [com.google.android.gms:play-services-ads-identifier:17.0.0] AndroidManifest.xml:17:1-24:12
MERGED from [com.google.android.gms:play-services-gass:18.1.1] AndroidManifest.xml:2:1-9:12
MERGED from [com.google.android.gms:play-services-places-placereport:17.0.0] AndroidManifest.xml:17:1-24:12
MERGED from [com.google.firebase:firebase-measurement-connector:18.0.0] AndroidManifest.xml:17:1-25:12
MERGED from [com.google.android.gms:play-services-measurement-sdk-api:18.0.2] AndroidManifest.xml:17:1-27:12
MERGED from [com.google.android.gms:play-services-measurement-base:18.0.2] AndroidManifest.xml:2:1-9:12
MERGED from [com.google.android.gms:play-services-basement:17.1.1] AndroidManifest.xml:17:1-28:12
MERGED from [androidx.fragment:fragment:1.3.0] AndroidManifest.xml:17:1-24:12
MERGED from [androidx.activity:activity:1.2.0] AndroidManifest.xml:17:1-24:12
MERGED from [androidx.cardview:cardview:1.0.0] AndroidManifest.xml:17:1-22:12
MERGED from [androidx.media:media:1.0.0] AndroidManifest.xml:17:1-22:12
MERGED from [androidx.exifinterface:exifinterface:1.0.0] AndroidManifest.xml:17:1-22:12
MERGED from [androidx.coordinatorlayout:coordinatorlayout:1.1.0] AndroidManifest.xml:17:1-24:12
MERGED from [androidx.transition:transition:1.2.0] AndroidManifest.xml:17:1-24:12
MERGED from [androidx.appcompat:appcompat-resources:1.2.0] AndroidManifest.xml:17:1-24:12
MERGED from [androidx.vectordrawable:vectordrawable-animated:1.1.0] AndroidManifest.xml:17:1-24:12
MERGED from [androidx.vectordrawable:vectordrawable:1.1.0] AndroidManifest.xml:17:1-24:12
MERGED from [androidx.loader:loader:1.0.0] AndroidManifest.xml:17:1-22:12
MERGED from [androidx.viewpager:viewpager:1.0.0] AndroidManifest.xml:17:1-22:12
MERGED from [androidx.drawerlayout:drawerlayout:1.0.0] AndroidManifest.xml:17:1-22:12
MERGED from [androidx.slidingpanelayout:slidingpanelayout:1.0.0] AndroidManifest.xml:17:1-22:12
MERGED from [androidx.recyclerview:recyclerview:1.1.0] AndroidManifest.xml:17:1-24:12
MERGED from [androidx.customview:customview:1.0.0] AndroidManifest.xml:17:1-22:12
MERGED from [androidx.swiperefreshlayout:swiperefreshlayout:1.0.0] AndroidManifest.xml:17:1-22:12
MERGED from [androidx.asynclayoutinflater:asynclayoutinflater:1.0.0] AndroidManifest.xml:17:1-22:12
MERGED from [androidx.core:core:1.3.1] AndroidManifest.xml:17:1-26:12
MERGED from [androidx.versionedparcelable:versionedparcelable:1.1.0] AndroidManifest.xml:17:1-27:12
MERGED from [androidx.interpolator:interpolator:1.0.0] AndroidManifest.xml:17:1-22:12
MERGED from [androidx.localbroadcastmanager:localbroadcastmanager:1.0.0] AndroidManifest.xml:17:1-22:12
MERGED from [androidx.documentfile:documentfile:1.0.0] AndroidManifest.xml:17:1-22:12
MERGED from [androidx.print:print:1.0.0] AndroidManifest.xml:17:1-22:12
MERGED from [androidx.lifecycle:lifecycle-viewmodel-savedstate:2.3.0] AndroidManifest.xml:17:1-24:12
MERGED from [androidx.lifecycle:lifecycle-viewmodel:2.3.0] AndroidManifest.xml:17:1-24:12
MERGED from [androidx.savedstate:savedstate:1.1.0] AndroidManifest.xml:17:1-24:12
MERGED from [androidx.lifecycle:lifecycle-livedata:2.2.0] AndroidManifest.xml:17:1-24:12
MERGED from [androidx.lifecycle:lifecycle-livedata-core:2.3.0] AndroidManifest.xml:17:1-24:12
MERGED from [androidx.lifecycle:lifecycle-process:2.2.0] AndroidManifest.xml:17:1-32:12
MERGED from [androidx.lifecycle:lifecycle-service:2.2.0] AndroidManifest.xml:17:1-24:12
MERGED from [androidx.lifecycle:lifecycle-runtime:2.3.0] AndroidManifest.xml:17:1-24:12
MERGED from [androidx.arch.core:core-runtime:2.1.0] AndroidManifest.xml:17:1-24:12
MERGED from [androidx.tracing:tracing:1.0.0] AndroidManifest.xml:17:1-24:12
MERGED from [androidx.cursoradapter:cursoradapter:1.0.0] AndroidManifest.xml:17:1-22:12
MERGED from [com.google.firebase:firebase-components:16.1.0] AndroidManifest.xml:15:1-23:12
MERGED from [com.google.android.datatransport:transport-backend-cct:2.3.3] AndroidManifest.xml:15:1-38:12
MERGED from [com.google.firebase:firebase-encoders-json:17.1.0] AndroidManifest.xml:15:1-23:12
MERGED from [com.google.android.datatransport:transport-runtime:2.2.5] AndroidManifest.xml:15:1-41:12
MERGED from [com.google.android.datatransport:transport-api:2.2.1] AndroidManifest.xml:15:1-22:12
MERGED from [com.google.android.gms:play-services-ads-base:18.1.1] AndroidManifest.xml:2:1-9:12
MERGED from [com.crashlytics.sdk.android:crashlytics-core:2.7.0] AndroidManifest.xml:45:1-56:12
MERGED from [com.crashlytics.sdk.android:beta:1.2.10] AndroidManifest.xml:2:1-13:12
MERGED from [com.crashlytics.sdk.android:answers:1.4.7] AndroidManifest.xml:2:1-13:12
MERGED from [io.fabric.sdk.android:fabric:1.4.8] AndroidManifest.xml:22:1-33:12
MERGED from [pl.droidsonroids:relinker:1.3.1] AndroidManifest.xml:2:1-7:12
MERGED from [io.michaelrocks:libphonenumber-android:8.10.14] AndroidManifest.xml:2:1-11:12
MERGED from [androidx.annotation:annotation-experimental:1.0.0] AndroidManifest.xml:17:1-24:12
INJECTED from src/main/AndroidManifest.xml:2:1-106:12
INJECTED from src/main/AndroidManifest.xml:2:1-106:12
INJECTED from src/main/AndroidManifest.xml:2:1-106:12
	package
		ADDED from src/main/AndroidManifest.xml:4:5-34
		INJECTED from src/main/AndroidManifest.xml
		INJECTED from src/main/AndroidManifest.xml
	android:versionName
		INJECTED from src/main/AndroidManifest.xml
		ADDED from src/main/AndroidManifest.xml:2:1-106:12
		INJECTED from src/main/AndroidManifest.xml
	xmlns:tools
		ADDED from src/main/AndroidManifest.xml:3:5-51
	android:versionCode
		INJECTED from src/main/AndroidManifest.xml
		ADDED from src/main/AndroidManifest.xml:2:1-106:12
		INJECTED from src/main/AndroidManifest.xml
	xmlns:android
		ADDED from src/main/AndroidManifest.xml:2:11-69
uses-permission#android.permission.INTERNET
ADDED from src/main/AndroidManifest.xml:6:5-67
MERGED from [com.firebaseui:firebase-ui-auth:7.2.0] AndroidManifest.xml:13:5-67
MERGED from [com.firebaseui:firebase-ui-auth:7.2.0] AndroidManifest.xml:13:5-67
MERGED from [com.google.android.gms:play-services-maps:17.0.0] AndroidManifest.xml:24:5-67
MERGED from [com.google.android.gms:play-services-maps:17.0.0] AndroidManifest.xml:24:5-67
MERGED from [com.crashlytics.sdk.android:crashlytics:2.10.1] AndroidManifest.xml:16:5-67
MERGED from [com.crashlytics.sdk.android:crashlytics:2.10.1] AndroidManifest.xml:16:5-67
MERGED from [com.google.firebase:firebase-auth:20.0.3] AndroidManifest.xml:23:5-67
MERGED from [com.google.firebase:firebase-auth:20.0.3] AndroidManifest.xml:23:5-67
MERGED from [com.google.firebase:firebase-iid:21.0.1] AndroidManifest.xml:23:5-67
MERGED from [com.google.firebase:firebase-iid:21.0.1] AndroidManifest.xml:23:5-67
MERGED from [com.google.android.gms:play-services-ads-lite:18.1.1] AndroidManifest.xml:23:5-67
MERGED from [com.google.android.gms:play-services-ads-lite:18.1.1] AndroidManifest.xml:23:5-67
MERGED from [com.google.android.gms:play-services-measurement:18.0.2] AndroidManifest.xml:23:5-67
MERGED from [com.google.android.gms:play-services-measurement:18.0.2] AndroidManifest.xml:23:5-67
MERGED from [com.google.android.gms:play-services-measurement-impl:18.0.2] AndroidManifest.xml:23:5-67
MERGED from [com.google.android.gms:play-services-measurement-impl:18.0.2] AndroidManifest.xml:23:5-67
MERGED from [com.google.android.gms:play-services-measurement-api:18.0.2] AndroidManifest.xml:22:5-67
MERGED from [com.google.android.gms:play-services-measurement-api:18.0.2] AndroidManifest.xml:22:5-67
MERGED from [com.google.firebase:firebase-installations:16.3.5] AndroidManifest.xml:11:5-67
MERGED from [com.google.firebase:firebase-installations:16.3.5] AndroidManifest.xml:11:5-67
MERGED from [com.google.android.gms:play-services-cloud-messaging:16.0.0] AndroidManifest.xml:8:5-67
MERGED from [com.google.android.gms:play-services-cloud-messaging:16.0.0] AndroidManifest.xml:8:5-67
MERGED from [com.google.android.gms:play-services-measurement-sdk-api:18.0.2] AndroidManifest.xml:23:5-67
MERGED from [com.google.android.gms:play-services-measurement-sdk-api:18.0.2] AndroidManifest.xml:23:5-67
MERGED from [com.google.android.datatransport:transport-backend-cct:2.3.3] AndroidManifest.xml:26:5-67
MERGED from [com.google.android.datatransport:transport-backend-cct:2.3.3] AndroidManifest.xml:26:5-67
MERGED from [com.crashlytics.sdk.android:crashlytics-core:2.7.0] AndroidManifest.xml:52:5-67
MERGED from [com.crashlytics.sdk.android:crashlytics-core:2.7.0] AndroidManifest.xml:52:5-67
MERGED from [com.crashlytics.sdk.android:beta:1.2.10] AndroidManifest.xml:9:5-67
MERGED from [com.crashlytics.sdk.android:beta:1.2.10] AndroidManifest.xml:9:5-67
MERGED from [com.crashlytics.sdk.android:answers:1.4.7] AndroidManifest.xml:9:5-67
MERGED from [com.crashlytics.sdk.android:answers:1.4.7] AndroidManifest.xml:9:5-67
MERGED from [io.fabric.sdk.android:fabric:1.4.8] AndroidManifest.xml:29:5-67
MERGED from [io.fabric.sdk.android:fabric:1.4.8] AndroidManifest.xml:29:5-67
	android:name
		ADDED from src/main/AndroidManifest.xml:6:22-64
uses-permission#android.permission.WRITE_EXTERNAL_STORAGE
ADDED from src/main/AndroidManifest.xml:7:5-81
	android:name
		ADDED from src/main/AndroidManifest.xml:7:22-78
uses-permission#android.permission.READ_EXTERNAL_STORAGE
ADDED from src/main/AndroidManifest.xml:8:5-80
	android:name
		ADDED from src/main/AndroidManifest.xml:8:22-77
uses-permission#android.permission.REQUEST_INSTALL_PACKAGES
ADDED from src/main/AndroidManifest.xml:9:5-83
	android:name
		ADDED from src/main/AndroidManifest.xml:9:22-80
uses-permission#android.permission.ACCESS_COARSE_LOCATION
ADDED from src/main/AndroidManifest.xml:10:5-81
MERGED from [io.nlopez.smartlocation:library:3.3.3] AndroidManifest.xml:12:5-81
MERGED from [io.nlopez.smartlocation:library:3.3.3] AndroidManifest.xml:12:5-81
	android:name
		ADDED from src/main/AndroidManifest.xml:10:22-78
uses-permission#android.permission.ACCESS_FINE_LOCATION
ADDED from src/main/AndroidManifest.xml:11:5-79
MERGED from [io.nlopez.smartlocation:library:3.3.3] AndroidManifest.xml:14:5-79
MERGED from [io.nlopez.smartlocation:library:3.3.3] AndroidManifest.xml:14:5-79
	android:name
		ADDED from src/main/AndroidManifest.xml:11:22-76
uses-permission#android.permission.ACCESS_NETWORK_STATE
ADDED from src/main/AndroidManifest.xml:12:5-79
MERGED from [io.nlopez.smartlocation:library:3.3.3] AndroidManifest.xml:13:5-79
MERGED from [io.nlopez.smartlocation:library:3.3.3] AndroidManifest.xml:13:5-79
MERGED from [com.firebaseui:firebase-ui-auth:7.2.0] AndroidManifest.xml:12:5-79
MERGED from [com.firebaseui:firebase-ui-auth:7.2.0] AndroidManifest.xml:12:5-79
MERGED from [com.google.android.gms:play-services-maps:17.0.0] AndroidManifest.xml:23:5-79
MERGED from [com.google.android.gms:play-services-maps:17.0.0] AndroidManifest.xml:23:5-79
MERGED from [com.google.firebase:firebase-auth:20.0.3] AndroidManifest.xml:24:5-79
MERGED from [com.google.firebase:firebase-auth:20.0.3] AndroidManifest.xml:24:5-79
MERGED from [com.google.firebase:firebase-iid:21.0.1] AndroidManifest.xml:22:5-79
MERGED from [com.google.firebase:firebase-iid:21.0.1] AndroidManifest.xml:22:5-79
MERGED from [com.google.android.gms:play-services-ads-lite:18.1.1] AndroidManifest.xml:24:5-79
MERGED from [com.google.android.gms:play-services-ads-lite:18.1.1] AndroidManifest.xml:24:5-79
MERGED from [com.google.android.gms:play-services-measurement:18.0.2] AndroidManifest.xml:24:5-79
MERGED from [com.google.android.gms:play-services-measurement:18.0.2] AndroidManifest.xml:24:5-79
MERGED from [com.google.android.gms:play-services-measurement-impl:18.0.2] AndroidManifest.xml:24:5-79
MERGED from [com.google.android.gms:play-services-measurement-impl:18.0.2] AndroidManifest.xml:24:5-79
MERGED from [com.google.android.gms:play-services-measurement-api:18.0.2] AndroidManifest.xml:23:5-79
MERGED from [com.google.android.gms:play-services-measurement-api:18.0.2] AndroidManifest.xml:23:5-79
MERGED from [com.google.firebase:firebase-installations:16.3.5] AndroidManifest.xml:10:5-79
MERGED from [com.google.firebase:firebase-installations:16.3.5] AndroidManifest.xml:10:5-79
MERGED from [com.google.android.gms:play-services-cloud-messaging:16.0.0] AndroidManifest.xml:7:5-79
MERGED from [com.google.android.gms:play-services-cloud-messaging:16.0.0] AndroidManifest.xml:7:5-79
MERGED from [com.google.android.gms:play-services-measurement-sdk-api:18.0.2] AndroidManifest.xml:24:5-79
MERGED from [com.google.android.gms:play-services-measurement-sdk-api:18.0.2] AndroidManifest.xml:24:5-79
MERGED from [com.google.android.datatransport:transport-backend-cct:2.3.3] AndroidManifest.xml:25:5-79
MERGED from [com.google.android.datatransport:transport-backend-cct:2.3.3] AndroidManifest.xml:25:5-79
MERGED from [com.google.android.datatransport:transport-runtime:2.2.5] AndroidManifest.xml:22:5-79
MERGED from [com.google.android.datatransport:transport-runtime:2.2.5] AndroidManifest.xml:22:5-79
	android:name
		ADDED from src/main/AndroidManifest.xml:12:22-76
uses-permission#com.google.android.providers.gsf.permission.READ_GSERVICES
ADDED from src/main/AndroidManifest.xml:13:5-98
MERGED from [io.nlopez.smartlocation:library:3.3.3] AndroidManifest.xml:15:5-98
MERGED from [io.nlopez.smartlocation:library:3.3.3] AndroidManifest.xml:15:5-98
	android:name
		ADDED from src/main/AndroidManifest.xml:13:22-95
uses-feature#android.hardware.location.gps
ADDED from src/main/AndroidManifest.xml:15:5-17:35
	android:required
		ADDED from src/main/AndroidManifest.xml:17:9-32
	android:name
		ADDED from src/main/AndroidManifest.xml:16:9-53
application
ADDED from src/main/AndroidManifest.xml:19:5-104:19
MERGED from [com.stepstone.stepper:material-stepper:4.3.1] AndroidManifest.xml:25:5-20
MERGED from [com.stepstone.stepper:material-stepper:4.3.1] AndroidManifest.xml:25:5-20
MERGED from [com.github.badoualy:stepper-indicator:1.0.7] AndroidManifest.xml:12:5-20
MERGED from [com.github.badoualy:stepper-indicator:1.0.7] AndroidManifest.xml:12:5-20
MERGED from [io.nlopez.smartlocation:library:3.3.3] AndroidManifest.xml:18:5-28:19
MERGED from [io.nlopez.smartlocation:library:3.3.3] AndroidManifest.xml:18:5-28:19
MERGED from [com.facebook.android:account-kit-sdk:5.4.0] AndroidManifest.xml:28:5-53:19
MERGED from [com.facebook.android:account-kit-sdk:5.4.0] AndroidManifest.xml:28:5-53:19
MERGED from [com.github.Jay-Goo:RangeSeekBar:2.0.6] AndroidManifest.xml:11:5-15:19
MERGED from [com.github.Jay-Goo:RangeSeekBar:2.0.6] AndroidManifest.xml:11:5-15:19
MERGED from [com.github.prolificinteractive:material-calendarview:2.0.1] AndroidManifest.xml:11:5-17:19
MERGED from [com.github.prolificinteractive:material-calendarview:2.0.1] AndroidManifest.xml:11:5-17:19
MERGED from [:cropper] AndroidManifest.xml:11:5-48
MERGED from [:cropper] AndroidManifest.xml:11:5-48
MERGED from [com.chaos.view:pinview:1.3.2] AndroidManifest.xml:24:5-20
MERGED from [com.chaos.view:pinview:1.3.2] AndroidManifest.xml:24:5-20
MERGED from [com.hbb20:ccp:2.3.4] AndroidManifest.xml:11:5-14:19
MERGED from [com.hbb20:ccp:2.3.4] AndroidManifest.xml:11:5-14:19
MERGED from [com.firebaseui:firebase-ui-auth:7.2.0] AndroidManifest.xml:15:5-107:19
MERGED from [com.firebaseui:firebase-ui-auth:7.2.0] AndroidManifest.xml:15:5-107:19
MERGED from [com.aurelhubert:ahbottomnavigation:2.2.0] AndroidManifest.xml:11:5-20
MERGED from [com.aurelhubert:ahbottomnavigation:2.2.0] AndroidManifest.xml:11:5-20
MERGED from [com.google.android.material:material:1.2.1] AndroidManifest.xml:22:5-20
MERGED from [com.google.android.material:material:1.2.1] AndroidManifest.xml:22:5-20
MERGED from [androidx.constraintlayout:constraintlayout:2.0.4] AndroidManifest.xml:9:5-20
MERGED from [androidx.constraintlayout:constraintlayout:2.0.4] AndroidManifest.xml:9:5-20
MERGED from [com.futuremind.recyclerfastscroll:fastscroll:0.2.5] AndroidManifest.xml:11:5-20
MERGED from [com.futuremind.recyclerfastscroll:fastscroll:0.2.5] AndroidManifest.xml:11:5-20
MERGED from [com.google.firebase:firebase-core:18.0.2] AndroidManifest.xml:7:5-20
MERGED from [com.google.firebase:firebase-core:18.0.2] AndroidManifest.xml:7:5-20
MERGED from [com.google.firebase:firebase-messaging:21.0.1] AndroidManifest.xml:22:5-43:19
MERGED from [com.google.firebase:firebase-messaging:21.0.1] AndroidManifest.xml:22:5-43:19
MERGED from [com.squareup.picasso:picasso:2.71828] AndroidManifest.xml:7:5-12:19
MERGED from [com.squareup.picasso:picasso:2.71828] AndroidManifest.xml:7:5-12:19
MERGED from [com.kyanogen.signatureview:signature-view:1.2] AndroidManifest.xml:11:5-12:19
MERGED from [com.kyanogen.signatureview:signature-view:1.2] AndroidManifest.xml:11:5-12:19
MERGED from [io.github.inflationx:calligraphy3:3.1.1] AndroidManifest.xml:11:5-20
MERGED from [io.github.inflationx:calligraphy3:3.1.1] AndroidManifest.xml:11:5-20
MERGED from [io.github.inflationx:viewpump:2.0.3] AndroidManifest.xml:9:5-20
MERGED from [io.github.inflationx:viewpump:2.0.3] AndroidManifest.xml:9:5-20
MERGED from [androidx.lifecycle:lifecycle-extensions:2.2.0] AndroidManifest.xml:24:5-25:19
MERGED from [androidx.lifecycle:lifecycle-extensions:2.2.0] AndroidManifest.xml:24:5-25:19
MERGED from [com.google.android.gms:play-services-places:17.0.0] AndroidManifest.xml:22:5-20
MERGED from [com.google.android.gms:play-services-places:17.0.0] AndroidManifest.xml:22:5-20
MERGED from [com.google.android.gms:play-services-maps:17.0.0] AndroidManifest.xml:30:5-36:19
MERGED from [com.google.android.gms:play-services-maps:17.0.0] AndroidManifest.xml:30:5-36:19
MERGED from [com.google.android.gms:play-services-location:17.0.0] AndroidManifest.xml:7:5-20
MERGED from [com.google.android.gms:play-services-location:17.0.0] AndroidManifest.xml:7:5-20
MERGED from [com.google.maps.android:android-maps-utils:0.5] AndroidManifest.xml:7:5-11:19
MERGED from [com.google.maps.android:android-maps-utils:0.5] AndroidManifest.xml:7:5-11:19
MERGED from [com.jakewharton.threetenabp:threetenabp:1.2.0] AndroidManifest.xml:7:5-20
MERGED from [com.jakewharton.threetenabp:threetenabp:1.2.0] AndroidManifest.xml:7:5-20
MERGED from [com.wdullaer:materialdatetimepicker:4.2.1] AndroidManifest.xml:28:5-20
MERGED from [com.wdullaer:materialdatetimepicker:4.2.1] AndroidManifest.xml:28:5-20
MERGED from [com.crashlytics.sdk.android:crashlytics:2.10.1] AndroidManifest.xml:18:5-24:19
MERGED from [com.crashlytics.sdk.android:crashlytics:2.10.1] AndroidManifest.xml:18:5-24:19
MERGED from [com.google.firebase:firebase-auth:20.0.3] AndroidManifest.xml:26:5-81:19
MERGED from [com.google.firebase:firebase-auth:20.0.3] AndroidManifest.xml:26:5-81:19
MERGED from [com.google.firebase:firebase-iid:21.0.1] AndroidManifest.xml:28:5-45:19
MERGED from [com.google.firebase:firebase-iid:21.0.1] AndroidManifest.xml:28:5-45:19
MERGED from [com.google.android.gms:play-services-ads-lite:18.1.1] AndroidManifest.xml:26:5-40:19
MERGED from [com.google.android.gms:play-services-ads-lite:18.1.1] AndroidManifest.xml:26:5-40:19
MERGED from [com.google.firebase:firebase-analytics:18.0.2] AndroidManifest.xml:7:5-20
MERGED from [com.google.firebase:firebase-analytics:18.0.2] AndroidManifest.xml:7:5-20
MERGED from [com.google.android.gms:play-services-measurement:18.0.2] AndroidManifest.xml:28:5-44:19
MERGED from [com.google.android.gms:play-services-measurement:18.0.2] AndroidManifest.xml:28:5-44:19
MERGED from [com.google.android.gms:play-services-measurement-sdk:18.0.2] AndroidManifest.xml:22:5-23:19
MERGED from [com.google.android.gms:play-services-measurement-sdk:18.0.2] AndroidManifest.xml:22:5-23:19
MERGED from [com.google.android.gms:play-services-measurement-impl:18.0.2] AndroidManifest.xml:28:5-29:19
MERGED from [com.google.android.gms:play-services-measurement-impl:18.0.2] AndroidManifest.xml:28:5-29:19
MERGED from [com.google.android.gms:play-services-stats:17.0.0] AndroidManifest.xml:7:5-20
MERGED from [com.google.android.gms:play-services-stats:17.0.0] AndroidManifest.xml:7:5-20
MERGED from [com.google.android.gms:play-services-auth:19.0.0] AndroidManifest.xml:22:5-38:19
MERGED from [com.google.android.gms:play-services-auth:19.0.0] AndroidManifest.xml:22:5-38:19
MERGED from [com.google.android.gms:play-services-safetynet:17.0.0] AndroidManifest.xml:22:5-20
MERGED from [com.google.android.gms:play-services-safetynet:17.0.0] AndroidManifest.xml:22:5-20
MERGED from [com.google.firebase:firebase-auth-interop:19.0.0] AndroidManifest.xml:7:5-8:19
MERGED from [com.google.firebase:firebase-auth-interop:19.0.0] AndroidManifest.xml:7:5-8:19
MERGED from [com.google.firebase:firebase-iid-interop:17.0.0] AndroidManifest.xml:7:5-8:19
MERGED from [com.google.firebase:firebase-iid-interop:17.0.0] AndroidManifest.xml:7:5-8:19
MERGED from [com.google.android.gms:play-services-base:17.1.0] AndroidManifest.xml:22:5-27:19
MERGED from [com.google.android.gms:play-services-base:17.1.0] AndroidManifest.xml:22:5-27:19
MERGED from [com.google.firebase:firebase-datatransport:17.0.10] AndroidManifest.xml:24:5-32:19
MERGED from [com.google.firebase:firebase-datatransport:17.0.10] AndroidManifest.xml:24:5-32:19
MERGED from [com.google.android.gms:play-services-measurement-api:18.0.2] AndroidManifest.xml:26:5-34:19
MERGED from [com.google.android.gms:play-services-measurement-api:18.0.2] AndroidManifest.xml:26:5-34:19
MERGED from [com.google.firebase:firebase-installations:16.3.5] AndroidManifest.xml:14:5-22:19
MERGED from [com.google.firebase:firebase-installations:16.3.5] AndroidManifest.xml:14:5-22:19
MERGED from [com.google.firebase:firebase-common:19.5.0] AndroidManifest.xml:25:5-47:19
MERGED from [com.google.firebase:firebase-common:19.5.0] AndroidManifest.xml:25:5-47:19
MERGED from [com.google.android.gms:play-services-tasks:17.0.0] AndroidManifest.xml:7:5-20
MERGED from [com.google.android.gms:play-services-tasks:17.0.0] AndroidManifest.xml:7:5-20
MERGED from [com.google.android.gms:play-services-ads-identifier:17.0.0] AndroidManifest.xml:22:5-20
MERGED from [com.google.android.gms:play-services-ads-identifier:17.0.0] AndroidManifest.xml:22:5-20
MERGED from [com.google.android.gms:play-services-gass:18.1.1] AndroidManifest.xml:7:5-20
MERGED from [com.google.android.gms:play-services-gass:18.1.1] AndroidManifest.xml:7:5-20
MERGED from [com.google.android.gms:play-services-places-placereport:17.0.0] AndroidManifest.xml:22:5-20
MERGED from [com.google.android.gms:play-services-places-placereport:17.0.0] AndroidManifest.xml:22:5-20
MERGED from [com.google.firebase:firebase-measurement-connector:18.0.0] AndroidManifest.xml:22:5-23:19
MERGED from [com.google.firebase:firebase-measurement-connector:18.0.0] AndroidManifest.xml:22:5-23:19
MERGED from [com.google.android.gms:play-services-measurement-base:18.0.2] AndroidManifest.xml:7:5-20
MERGED from [com.google.android.gms:play-services-measurement-base:18.0.2] AndroidManifest.xml:7:5-20
MERGED from [com.google.android.gms:play-services-basement:17.1.1] AndroidManifest.xml:22:5-26:19
MERGED from [com.google.android.gms:play-services-basement:17.1.1] AndroidManifest.xml:22:5-26:19
MERGED from [androidx.core:core:1.3.1] AndroidManifest.xml:24:5-89
MERGED from [androidx.core:core:1.3.1] AndroidManifest.xml:24:5-89
MERGED from [androidx.versionedparcelable:versionedparcelable:1.1.0] AndroidManifest.xml:24:5-25:19
MERGED from [androidx.versionedparcelable:versionedparcelable:1.1.0] AndroidManifest.xml:24:5-25:19
MERGED from [androidx.lifecycle:lifecycle-process:2.2.0] AndroidManifest.xml:24:5-30:19